  
 ########################################################################
                    NUCLEAR COORDINATES AND POTENTIALS
 ########################################################################
  
  
 ========================================================================
             Molecular geometry A: Cartesian coordinates (a0)
 ========================================================================
 Centre            x-coord              y-coord              z-coord
 ------------------------------------------------------------------------
  1 (Yb)           0.0000000000         0.0000000000         0.0000000000
  2 (F )           0.0000000000         0.0000000000         3.8800000000
 ========================================================================
  
                                                                         
 ========================================================================
                     Molecular geometry B: R-matrix
 ========================================================================
 C1  C2      Bond length (a0)           C1  C2  C3            Angle (deg)
 ------------------------------------------------------------------------
 Yb  F              3.880000
 ========================================================================
  
  
 ########################################################################
                               BERTHA-SCF
 ########################################################################
  
 ========================================================================
                              Input summary
 ========================================================================
 Hamiltonian type:                                                   DHFP
 Molecule name:                                               YbFplus_388
 Fock matrix dimension:                                              1052
 SCF density matrix:                                            New start
 Eq-coefficients:                                            Save to file
 OpenMP parallel option:                                         Disabled
 ------------------------------------------------------------------------
 Output file name:                          output/YbFplus_388_DHFP_HFSCF
 Time at BERTHA initiation:                           25/04/2021 00:36:40
 ------------------------------------------------------------------------
 Speed of light:                                           137.0359990840
 ========================================================================
  
  
 ========================================================================
                         Stack memory allocation
 ========================================================================
 COMMON    Description                   Words (double)         Size (GB)
 ------------------------------------------------------------------------
 COEF      Expansion coeffs.                    2213408           0.01771
 DENS      Density matrices                     6640224           0.05312
 MTRX      Molecular Fock matrices             44268160           0.35415
 EQTT      Eq-coefficient file                166400000           1.33120
 RCTT      R-integral class file              104000000           0.83200
 ------------------------------------------------------------------------
           Total                              323521792           2.58817
 ========================================================================
  
 In NUCVCPL: could not find Uehling grid data.
 In NUCVCPL: could not find KSB grid data.
  
 ########################################################################
                        MOLECULAR HARTREE-FOCK SCF
 ########################################################################
  
  
 ========================================================================
                       Eq-coefficient word analysis
 ========================================================================
 Type         Λ    Terms      Length        #        Words      Size (MB)
 ------------------------------------------------------------------------
 E0LL         0        1        1296        4         5184          0.041
              1        4       27648        4       110592          0.885
              2       10      146160        4       584640          4.677
              3       20      368640        4      1474560         11.796
              4       35      573195        4      2292780         18.342
              5       56      470400        4      1881600         15.053
              6       84      263424        4      1053696          8.430
 ------------------------------------------------------------------------
 E0SS         2       10       12960        4        51840          0.415
              3       20      138240        4       552960          4.424
              4       35      511560        4      2046240         16.370
              5       56     1032192        4      4128768         33.030
              6       84     1375668        4      5502672         44.021
              7      120     1008000        4      4032000         32.256
              8      165      517440        4      2069760         16.558
 ------------------------------------------------------------------------
 EILS         1        4        5184       12        62208          0.498
              2       10       69120       12       829440          6.636
              3       20      292320       12      3507840         28.063
              4       35      645120       12      7741440         61.932
              5       56      917112       12     11005344         88.043
              6       84      705600       12      8467200         67.738
              7      120      376320       12      4515840         36.127
 ========================================================================
 Total     Λ_max   Terms      Length        #        Words      Size (MB)
 ------------------------------------------------------------------------
 E0LL          6     210     1850763        4      7403052         59.224
 E0SS          8     490     4596060        4     18384240        147.074
 EILS          7     329     3010776       12     36129312        289.034
 ------------------------------------------------------------------------
                                                  61916604        495.333
 ------------------------------------------------------------------------
 parameters.h                5200000       20    104000000        832.000
 ========================================================================
                   Generating Eq-coefficient data files
 ========================================================================
  
  
                          Molecular SCF summary
 ========================================================================
                    Molecular energies (Hartree units)
 ========================================================================
 Source                      Direct           Exchange              Total
 ------------------------------------------------------------------------
 Nucleus-nucleus                                            162.371134021
 Electron-nucleus                                             0.000000000
 Electron kinetic                                             0.000000000
 Anomalous moment                                             0.000000000
 Self-interaction                                             0.000000000
 Uehling nuclear                                             -2.002501115
 W-Kroll nuclear                                              0.068052777
 Kal-Sab nuclear                                             -0.015822765
 Coulomb (closed)    5567.015289654      298.175996443     5268.839293211
 Breit (closed)         0.000000000        0.000000000        0.000000000
 ------------------------------------------------------------------------
 Molecule            5567.015289654      298.175996443     5429.260156128
 ========================================================================
                                                                         
 ========================================================================
                     Eq-coefficients and R-integrals
 ========================================================================
 Eq-coefficients    Time              R-integrals                    Time
 ------------------------------------------------------------------------
 E0LL             4.374s              (LL|LL)                      0.000s
 E0SS            10.270s              (LL|SS) and (SS|LL)          0.000s
                                      (SS|SS)                      0.000s
 EILS            16.299s              (SL|LS)                      0.000s
 EISL             0.000s
 ------------------------------------------------------------------------
 Total           30.942s                                           0.000s
 ========================================================================
                                                                         
 ========================================================================
                          Convergence analysis
 ========================================================================
 Stage   Inclusion                Shift      Iterations              Time
 ------------------------------------------------------------------------
 1       (LL|LL)                3.00000               0            0.000s
 2       (LL|SS) and (SS|LL)    1.00000               0            0.000s
 3       (SS|SS)                0.00000               0            0.000s
 4       (SL|LS)                0.00000               1        1m 00.212s
 ------------------------------------------------------------------------
 Total                                                1        1m 00.212s
 ========================================================================
  
                                                                         
                           HFSCF labour analysis
 ========================================================================
                          Breit (atomic) details
 ========================================================================
 Screening                                                         0.000s
 Basis intermediates                                               0.000s
 Pre-processing beta integrals                                     0.000s
 R(AB|CD) integrals                                                0.000s
 Full integrals                                                    0.000s
 Matrix construction                                               0.000s
 Other                                                            41.977s
 ------------------------------------------------------------------------
 Total                                                            41.977s
 ========================================================================
                            Overall SCF summary
 ========================================================================
 Eq-coefficient data file prep.                                   26.517s
 Nuclear, kinetic and overlap                                      0.000s
 Electron anomalous moment                                         0.000s
 Electron self-interaction                                         0.000s
 Nuclear vacuum polarisation                                      17.984s
 Coulomb (atomic)                                                  0.000s
 Coulomb (many-centre)                                             0.000s
 Breit (atomic)                                                   41.977s
 Breit (many-centre)                                               0.000s
 Convergence acceleration                                          0.000s
 Matrix eigenvalue problem                                         0.000s
 Other sources                                                     0.251s
 ------------------------------------------------------------------------
 Total                                                         1m 26.729s
 Time at end of calculation                           25/04/2021 00:38:08
 ========================================================================
  
 ========================================================================
                             CPU time summary
 ========================================================================
 Nuclear fitting:                                                  0.001s
 Molecular Hartree-Fock SCF:                                   1m 27.081s
 ------------------------------------------------------------------------
 Total CPU time:                                               1m 27.440s
 ========================================================================

 Successful BERTHA-SCF exit at:                       25/04/2021 00:38:08
 ------------------------------------------------------------------------
